14:10:29.985 [main] DEBUG io.netty.util.internal.PlatformDependent0 - -Dio.netty.noUnsafe: false
14:10:29.991 [main] DEBUG io.netty.util.internal.PlatformDependent0 - Java version: 17
14:10:29.992 [main] DEBUG io.netty.util.internal.PlatformDependent0 - sun.misc.Unsafe.theUnsafe: available
14:10:29.993 [main] DEBUG io.netty.util.internal.PlatformDependent0 - sun.misc.Unsafe.copyMemory: available
14:10:29.993 [main] DEBUG io.netty.util.internal.PlatformDependent0 - sun.misc.Unsafe.storeFence: available
14:10:29.994 [main] DEBUG io.netty.util.internal.PlatformDependent0 - java.nio.Buffer.address: available
14:10:29.995 [main] DEBUG io.netty.util.internal.PlatformDependent0 - direct buffer constructor: unavailable: Reflective setAccessible(true) disabled
14:10:29.996 [main] DEBUG io.netty.util.internal.PlatformDependent0 - java.nio.Bits.unaligned: available, true
14:10:29.997 [main] DEBUG io.netty.util.internal.PlatformDependent0 - jdk.internal.misc.Unsafe.allocateUninitializedArray(int): unavailable: class io.netty.util.internal.PlatformDependent0$7 cannot access class jdk.internal.misc.Unsafe (in module java.base) because module java.base does not export jdk.internal.misc to unnamed module @31610302
14:10:29.999 [main] DEBUG io.netty.util.internal.PlatformDependent0 - java.nio.DirectByteBuffer.<init>(long, int): unavailable
14:10:29.999 [main] DEBUG io.netty.util.internal.PlatformDependent - sun.misc.Unsafe: available
14:10:30.000 [main] DEBUG io.netty.util.internal.PlatformDependent - maxDirectMemory: 2078277632 bytes (maybe)
14:10:30.000 [main] DEBUG io.netty.util.internal.PlatformDependent - -Dio.netty.tmpdir: C:\Users\91901\AppData\Local\Temp (java.io.tmpdir)
14:10:30.000 [main] DEBUG io.netty.util.internal.PlatformDependent - -Dio.netty.bitMode: 64 (sun.arch.data.model)
14:10:30.001 [main] DEBUG io.netty.util.internal.PlatformDependent - Platform: Windows
14:10:30.001 [main] DEBUG io.netty.util.internal.PlatformDependent - -Dio.netty.maxDirectMemory: -1 bytes
14:10:30.002 [main] DEBUG io.netty.util.internal.PlatformDependent - -Dio.netty.uninitializedArrayAllocationThreshold: -1
14:10:30.003 [main] DEBUG io.netty.util.internal.CleanerJava9 - java.nio.ByteBuffer.cleaner(): available
14:10:30.003 [main] DEBUG io.netty.util.internal.PlatformDependent - -Dio.netty.noPreferDirect: false
14:10:30.009 [main] DEBUG io.netty.util.internal.PlatformDependent - org.jctools-core.MpscChunkedArrayQueue: available
14:10:30.029 [main] DEBUG io.netty.util.internal.InternalThreadLocalMap - -Dio.netty.threadLocalMap.stringBuilder.initialSize: 1024
14:10:30.029 [main] DEBUG io.netty.util.internal.InternalThreadLocalMap - -Dio.netty.threadLocalMap.stringBuilder.maxSize: 4096
14:10:30.194 [main] DEBUG io.netty.handler.ssl.JdkSslContext - Default protocols (JDK): [TLSv1.3, TLSv1.2] 
14:10:30.194 [main] DEBUG io.netty.handler.ssl.JdkSslContext - Default cipher suites (JDK): [TLS_ECDHE_ECDSA_WITH_AES_256_GCM_SHA384, TLS_ECDHE_ECDSA_WITH_AES_128_GCM_SHA256, TLS_ECDHE_RSA_WITH_AES_128_GCM_SHA256, TLS_ECDHE_RSA_WITH_AES_256_GCM_SHA384, TLS_ECDHE_RSA_WITH_AES_128_CBC_SHA, TLS_ECDHE_RSA_WITH_AES_256_CBC_SHA, TLS_RSA_WITH_AES_128_GCM_SHA256, TLS_RSA_WITH_AES_128_CBC_SHA, TLS_RSA_WITH_AES_256_CBC_SHA, TLS_AES_128_GCM_SHA256, TLS_AES_256_GCM_SHA384]
14:10:30.214 [main] DEBUG io.netty.channel.MultithreadEventLoopGroup - -Dio.netty.eventLoopThreads: 8
14:10:30.221 [main] DEBUG io.netty.channel.nio.NioEventLoop - -Dio.netty.noKeySetOptimization: false
14:10:30.221 [main] DEBUG io.netty.channel.nio.NioEventLoop - -Dio.netty.selectorAutoRebuildThreshold: 512
14:10:30.255 [main] DEBUG io.netty.buffer.PooledByteBufAllocator - -Dio.netty.allocator.numHeapArenas: 8
14:10:30.255 [main] DEBUG io.netty.buffer.PooledByteBufAllocator - -Dio.netty.allocator.numDirectArenas: 8
14:10:30.256 [main] DEBUG io.netty.buffer.PooledByteBufAllocator - -Dio.netty.allocator.pageSize: 8192
14:10:30.256 [main] DEBUG io.netty.buffer.PooledByteBufAllocator - -Dio.netty.allocator.maxOrder: 9
14:10:30.256 [main] DEBUG io.netty.buffer.PooledByteBufAllocator - -Dio.netty.allocator.chunkSize: 4194304
14:10:30.256 [main] DEBUG io.netty.buffer.PooledByteBufAllocator - -Dio.netty.allocator.smallCacheSize: 256
14:10:30.256 [main] DEBUG io.netty.buffer.PooledByteBufAllocator - -Dio.netty.allocator.normalCacheSize: 64
14:10:30.256 [main] DEBUG io.netty.buffer.PooledByteBufAllocator - -Dio.netty.allocator.maxCachedBufferCapacity: 32768
14:10:30.256 [main] DEBUG io.netty.buffer.PooledByteBufAllocator - -Dio.netty.allocator.cacheTrimInterval: 8192
14:10:30.256 [main] DEBUG io.netty.buffer.PooledByteBufAllocator - -Dio.netty.allocator.cacheTrimIntervalMillis: 0
14:10:30.256 [main] DEBUG io.netty.buffer.PooledByteBufAllocator - -Dio.netty.allocator.useCacheForAllThreads: false
14:10:30.256 [main] DEBUG io.netty.buffer.PooledByteBufAllocator - -Dio.netty.allocator.maxCachedByteBuffersPerChunk: 1023
14:10:30.271 [main] DEBUG io.netty.buffer.ByteBufUtil - -Dio.netty.allocator.type: pooled
14:10:30.272 [main] DEBUG io.netty.buffer.ByteBufUtil - -Dio.netty.threadLocalDirectBufferSize: 0
14:10:30.272 [main] DEBUG io.netty.buffer.ByteBufUtil - -Dio.netty.maxThreadLocalCharBufferSize: 16384
14:10:30.621 [Forwarding newSession on session null to remote] DEBUG io.netty.channel.DefaultChannelId - -Dio.netty.processId: 44300 (auto-detected)
14:10:30.623 [Forwarding newSession on session null to remote] DEBUG io.netty.util.NetUtil - -Djava.net.preferIPv4Stack: false
14:10:30.623 [Forwarding newSession on session null to remote] DEBUG io.netty.util.NetUtil - -Djava.net.preferIPv6Addresses: false
14:10:30.634 [Forwarding newSession on session null to remote] DEBUG io.netty.util.NetUtilInitializations - Loopback interface: lo (Software Loopback Interface 1, 127.0.0.1)
14:10:30.634 [Forwarding newSession on session null to remote] DEBUG io.netty.util.NetUtil - Failed to get SOMAXCONN from sysctl and file \proc\sys\net\core\somaxconn. Default: 200
14:10:30.655 [Forwarding newSession on session null to remote] DEBUG io.netty.channel.DefaultChannelId - -Dio.netty.machineId: dc:21:5c:ff:fe:99:28:20 (auto-detected)
14:10:30.704 [AsyncHttpClient-1-2] DEBUG io.netty.buffer.AbstractByteBuf - -Dio.netty.buffer.checkAccessible: true
14:10:30.705 [AsyncHttpClient-1-2] DEBUG io.netty.buffer.AbstractByteBuf - -Dio.netty.buffer.checkBounds: true
14:10:30.705 [AsyncHttpClient-1-2] DEBUG io.netty.util.ResourceLeakDetectorFactory - Loaded default ResourceLeakDetector: io.netty.util.ResourceLeakDetector@3d1cb2bd
14:10:30.720 [AsyncHttpClient-1-2] DEBUG io.netty.util.Recycler - -Dio.netty.recycler.maxCapacityPerThread: 4096
14:10:30.720 [AsyncHttpClient-1-2] DEBUG io.netty.util.Recycler - -Dio.netty.recycler.ratio: 8
14:10:30.720 [AsyncHttpClient-1-2] DEBUG io.netty.util.Recycler - -Dio.netty.recycler.chunkSize: 32
14:10:30.720 [AsyncHttpClient-1-2] DEBUG io.netty.util.Recycler - -Dio.netty.recycler.blocking: false
14:10:31.686 [AsyncHttpClient-1-2] DEBUG io.netty.handler.codec.compression.Brotli - brotli4j not in the classpath; Brotli support will be unavailable.
14:10:31.873 [main] DEBUG io.netty.util.internal.ThreadLocalRandom - -Dio.netty.initialSeedUniquifier: 0x6b0a497466e75259
14:10:34.552 [main] DEBUG testCases.TC_001_AccountRegestrationTest - Application logs
14:10:34.552 [main] INFO  testCases.TC_001_AccountRegestrationTest - *** Started TC_001_AccountRegestrationTest **** 
14:10:35.182 [main] INFO  testCases.TC_001_AccountRegestrationTest - Clicked on account
14:10:35.939 [main] INFO  testCases.TC_001_AccountRegestrationTest - Clicked on register
14:10:36.113 [main] INFO  testCases.TC_001_AccountRegestrationTest - Entered first name
14:10:36.236 [main] INFO  testCases.TC_001_AccountRegestrationTest - Entered last name
14:10:36.413 [main] INFO  testCases.TC_001_AccountRegestrationTest - Entered email
14:10:36.574 [main] INFO  testCases.TC_001_AccountRegestrationTest - Entered password
14:10:37.776 [main] INFO  testCases.TC_001_AccountRegestrationTest - log failed in exception block
14:20:18.904 [main] DEBUG io.netty.util.internal.logging.InternalLoggerFactory - Using Log4J2 as the default logging framework
14:20:18.937 [main] DEBUG io.netty.util.ResourceLeakDetector - -Dio.netty.leakDetection.level: simple
14:20:18.937 [main] DEBUG io.netty.util.ResourceLeakDetector - -Dio.netty.leakDetection.targetRecords: 4
14:20:18.945 [main] DEBUG io.netty.util.ResourceLeakDetectorFactory - Loaded default ResourceLeakDetector: io.netty.util.ResourceLeakDetector@17814b1c
14:20:18.973 [main] DEBUG io.netty.util.internal.PlatformDependent0 - -Dio.netty.noUnsafe: false
14:20:18.973 [main] DEBUG io.netty.util.internal.PlatformDependent0 - Java version: 17
14:20:18.975 [main] DEBUG io.netty.util.internal.PlatformDependent0 - sun.misc.Unsafe.theUnsafe: available
14:20:18.975 [main] DEBUG io.netty.util.internal.PlatformDependent0 - sun.misc.Unsafe.copyMemory: available
14:20:18.976 [main] DEBUG io.netty.util.internal.PlatformDependent0 - sun.misc.Unsafe.storeFence: available
14:20:18.977 [main] DEBUG io.netty.util.internal.PlatformDependent0 - java.nio.Buffer.address: available
14:20:18.978 [main] DEBUG io.netty.util.internal.PlatformDependent0 - direct buffer constructor: unavailable: Reflective setAccessible(true) disabled
14:20:18.979 [main] DEBUG io.netty.util.internal.PlatformDependent0 - java.nio.Bits.unaligned: available, true
14:20:18.980 [main] DEBUG io.netty.util.internal.PlatformDependent0 - jdk.internal.misc.Unsafe.allocateUninitializedArray(int): unavailable: class io.netty.util.internal.PlatformDependent0$7 cannot access class jdk.internal.misc.Unsafe (in module java.base) because module java.base does not export jdk.internal.misc to unnamed module @31610302
14:20:18.982 [main] DEBUG io.netty.util.internal.PlatformDependent0 - java.nio.DirectByteBuffer.<init>(long, int): unavailable
14:20:18.983 [main] DEBUG io.netty.util.internal.PlatformDependent - sun.misc.Unsafe: available
14:20:18.983 [main] DEBUG io.netty.util.internal.PlatformDependent - maxDirectMemory: 2078277632 bytes (maybe)
14:20:18.984 [main] DEBUG io.netty.util.internal.PlatformDependent - -Dio.netty.tmpdir: C:\Users\91901\AppData\Local\Temp (java.io.tmpdir)
14:20:18.984 [main] DEBUG io.netty.util.internal.PlatformDependent - -Dio.netty.bitMode: 64 (sun.arch.data.model)
14:20:18.984 [main] DEBUG io.netty.util.internal.PlatformDependent - Platform: Windows
14:20:18.986 [main] DEBUG io.netty.util.internal.PlatformDependent - -Dio.netty.maxDirectMemory: -1 bytes
14:20:18.986 [main] DEBUG io.netty.util.internal.PlatformDependent - -Dio.netty.uninitializedArrayAllocationThreshold: -1
14:20:18.987 [main] DEBUG io.netty.util.internal.CleanerJava9 - java.nio.ByteBuffer.cleaner(): available
14:20:18.987 [main] DEBUG io.netty.util.internal.PlatformDependent - -Dio.netty.noPreferDirect: false
14:20:18.996 [main] DEBUG io.netty.util.internal.PlatformDependent - org.jctools-core.MpscChunkedArrayQueue: available
14:20:19.023 [main] DEBUG io.netty.util.internal.InternalThreadLocalMap - -Dio.netty.threadLocalMap.stringBuilder.initialSize: 1024
14:20:19.023 [main] DEBUG io.netty.util.internal.InternalThreadLocalMap - -Dio.netty.threadLocalMap.stringBuilder.maxSize: 4096
14:20:19.263 [main] DEBUG io.netty.handler.ssl.JdkSslContext - Default protocols (JDK): [TLSv1.3, TLSv1.2] 
14:20:19.264 [main] DEBUG io.netty.handler.ssl.JdkSslContext - Default cipher suites (JDK): [TLS_ECDHE_ECDSA_WITH_AES_256_GCM_SHA384, TLS_ECDHE_ECDSA_WITH_AES_128_GCM_SHA256, TLS_ECDHE_RSA_WITH_AES_128_GCM_SHA256, TLS_ECDHE_RSA_WITH_AES_256_GCM_SHA384, TLS_ECDHE_RSA_WITH_AES_128_CBC_SHA, TLS_ECDHE_RSA_WITH_AES_256_CBC_SHA, TLS_RSA_WITH_AES_128_GCM_SHA256, TLS_RSA_WITH_AES_128_CBC_SHA, TLS_RSA_WITH_AES_256_CBC_SHA, TLS_AES_128_GCM_SHA256, TLS_AES_256_GCM_SHA384]
14:20:19.302 [main] DEBUG io.netty.channel.MultithreadEventLoopGroup - -Dio.netty.eventLoopThreads: 8
14:20:19.318 [main] DEBUG io.netty.channel.nio.NioEventLoop - -Dio.netty.noKeySetOptimization: false
14:20:19.318 [main] DEBUG io.netty.channel.nio.NioEventLoop - -Dio.netty.selectorAutoRebuildThreshold: 512
14:20:19.374 [main] DEBUG io.netty.buffer.PooledByteBufAllocator - -Dio.netty.allocator.numHeapArenas: 8
14:20:19.374 [main] DEBUG io.netty.buffer.PooledByteBufAllocator - -Dio.netty.allocator.numDirectArenas: 8
14:20:19.375 [main] DEBUG io.netty.buffer.PooledByteBufAllocator - -Dio.netty.allocator.pageSize: 8192
14:20:19.375 [main] DEBUG io.netty.buffer.PooledByteBufAllocator - -Dio.netty.allocator.maxOrder: 9
14:20:19.375 [main] DEBUG io.netty.buffer.PooledByteBufAllocator - -Dio.netty.allocator.chunkSize: 4194304
14:20:19.375 [main] DEBUG io.netty.buffer.PooledByteBufAllocator - -Dio.netty.allocator.smallCacheSize: 256
14:20:19.375 [main] DEBUG io.netty.buffer.PooledByteBufAllocator - -Dio.netty.allocator.normalCacheSize: 64
14:20:19.375 [main] DEBUG io.netty.buffer.PooledByteBufAllocator - -Dio.netty.allocator.maxCachedBufferCapacity: 32768
14:20:19.375 [main] DEBUG io.netty.buffer.PooledByteBufAllocator - -Dio.netty.allocator.cacheTrimInterval: 8192
14:20:19.375 [main] DEBUG io.netty.buffer.PooledByteBufAllocator - -Dio.netty.allocator.cacheTrimIntervalMillis: 0
14:20:19.375 [main] DEBUG io.netty.buffer.PooledByteBufAllocator - -Dio.netty.allocator.useCacheForAllThreads: false
14:20:19.375 [main] DEBUG io.netty.buffer.PooledByteBufAllocator - -Dio.netty.allocator.maxCachedByteBuffersPerChunk: 1023
14:20:19.388 [main] DEBUG io.netty.buffer.ByteBufUtil - -Dio.netty.allocator.type: pooled
14:20:19.388 [main] DEBUG io.netty.buffer.ByteBufUtil - -Dio.netty.threadLocalDirectBufferSize: 0
14:20:19.389 [main] DEBUG io.netty.buffer.ByteBufUtil - -Dio.netty.maxThreadLocalCharBufferSize: 16384
14:20:19.784 [Forwarding newSession on session null to remote] DEBUG io.netty.channel.DefaultChannelId - -Dio.netty.processId: 14492 (auto-detected)
14:20:19.787 [Forwarding newSession on session null to remote] DEBUG io.netty.util.NetUtil - -Djava.net.preferIPv4Stack: false
14:20:19.787 [Forwarding newSession on session null to remote] DEBUG io.netty.util.NetUtil - -Djava.net.preferIPv6Addresses: false
14:20:19.803 [Forwarding newSession on session null to remote] DEBUG io.netty.util.NetUtilInitializations - Loopback interface: lo (Software Loopback Interface 1, 127.0.0.1)
14:20:19.805 [Forwarding newSession on session null to remote] DEBUG io.netty.util.NetUtil - Failed to get SOMAXCONN from sysctl and file \proc\sys\net\core\somaxconn. Default: 200
14:20:19.831 [Forwarding newSession on session null to remote] DEBUG io.netty.channel.DefaultChannelId - -Dio.netty.machineId: dc:21:5c:ff:fe:99:28:20 (auto-detected)
14:20:19.893 [AsyncHttpClient-1-2] DEBUG io.netty.buffer.AbstractByteBuf - -Dio.netty.buffer.checkAccessible: true
14:20:19.893 [AsyncHttpClient-1-2] DEBUG io.netty.buffer.AbstractByteBuf - -Dio.netty.buffer.checkBounds: true
14:20:19.894 [AsyncHttpClient-1-2] DEBUG io.netty.util.ResourceLeakDetectorFactory - Loaded default ResourceLeakDetector: io.netty.util.ResourceLeakDetector@1515f4d4
14:20:19.914 [AsyncHttpClient-1-2] DEBUG io.netty.util.Recycler - -Dio.netty.recycler.maxCapacityPerThread: 4096
14:20:19.914 [AsyncHttpClient-1-2] DEBUG io.netty.util.Recycler - -Dio.netty.recycler.ratio: 8
14:20:19.914 [AsyncHttpClient-1-2] DEBUG io.netty.util.Recycler - -Dio.netty.recycler.chunkSize: 32
14:20:19.914 [AsyncHttpClient-1-2] DEBUG io.netty.util.Recycler - -Dio.netty.recycler.blocking: false
14:20:21.533 [AsyncHttpClient-1-2] DEBUG io.netty.handler.codec.compression.Brotli - brotli4j not in the classpath; Brotli support will be unavailable.
14:20:21.779 [main] DEBUG io.netty.util.internal.ThreadLocalRandom - -Dio.netty.initialSeedUniquifier: 0xfbe22654666f2b11
14:20:24.196 [main] DEBUG testCases.TC_001_AccountRegestrationTest - Application logs
14:20:24.196 [main] INFO  testCases.TC_001_AccountRegestrationTest - *** Started TC_001_AccountRegestrationTest **** 
14:20:24.843 [main] INFO  testCases.TC_001_AccountRegestrationTest - Clicked on account
14:20:25.523 [main] INFO  testCases.TC_001_AccountRegestrationTest - Clicked on register
14:20:25.763 [main] INFO  testCases.TC_001_AccountRegestrationTest - Entered first name
14:20:25.938 [main] INFO  testCases.TC_001_AccountRegestrationTest - Entered last name
14:20:26.122 [main] INFO  testCases.TC_001_AccountRegestrationTest - Entered email
14:20:26.277 [main] INFO  testCases.TC_001_AccountRegestrationTest - Entered password
14:20:27.586 [main] INFO  testCases.TC_001_AccountRegestrationTest - Clicked on continue
22:48:04.386 [main] DEBUG io.netty.util.internal.logging.InternalLoggerFactory - Using Log4J2 as the default logging framework
22:48:04.412 [main] DEBUG io.netty.util.ResourceLeakDetector - -Dio.netty.leakDetection.level: simple
22:48:04.412 [main] DEBUG io.netty.util.ResourceLeakDetector - -Dio.netty.leakDetection.targetRecords: 4
22:48:04.418 [main] DEBUG io.netty.util.ResourceLeakDetectorFactory - Loaded default ResourceLeakDetector: io.netty.util.ResourceLeakDetector@17814b1c
22:48:04.438 [main] DEBUG io.netty.util.internal.PlatformDependent0 - -Dio.netty.noUnsafe: false
22:48:04.438 [main] DEBUG io.netty.util.internal.PlatformDependent0 - Java version: 17
22:48:04.440 [main] DEBUG io.netty.util.internal.PlatformDependent0 - sun.misc.Unsafe.theUnsafe: available
22:48:04.440 [main] DEBUG io.netty.util.internal.PlatformDependent0 - sun.misc.Unsafe.copyMemory: available
22:48:04.440 [main] DEBUG io.netty.util.internal.PlatformDependent0 - sun.misc.Unsafe.storeFence: available
22:48:04.442 [main] DEBUG io.netty.util.internal.PlatformDependent0 - java.nio.Buffer.address: available
22:48:04.442 [main] DEBUG io.netty.util.internal.PlatformDependent0 - direct buffer constructor: unavailable: Reflective setAccessible(true) disabled
22:48:04.442 [main] DEBUG io.netty.util.internal.PlatformDependent0 - java.nio.Bits.unaligned: available, true
22:48:04.443 [main] DEBUG io.netty.util.internal.PlatformDependent0 - jdk.internal.misc.Unsafe.allocateUninitializedArray(int): unavailable: class io.netty.util.internal.PlatformDependent0$7 cannot access class jdk.internal.misc.Unsafe (in module java.base) because module java.base does not export jdk.internal.misc to unnamed module @31610302
22:48:04.444 [main] DEBUG io.netty.util.internal.PlatformDependent0 - java.nio.DirectByteBuffer.<init>(long, int): unavailable
22:48:04.445 [main] DEBUG io.netty.util.internal.PlatformDependent - sun.misc.Unsafe: available
22:48:04.445 [main] DEBUG io.netty.util.internal.PlatformDependent - maxDirectMemory: 2078277632 bytes (maybe)
22:48:04.445 [main] DEBUG io.netty.util.internal.PlatformDependent - -Dio.netty.tmpdir: C:\Users\91901\AppData\Local\Temp (java.io.tmpdir)
22:48:04.445 [main] DEBUG io.netty.util.internal.PlatformDependent - -Dio.netty.bitMode: 64 (sun.arch.data.model)
22:48:04.446 [main] DEBUG io.netty.util.internal.PlatformDependent - Platform: Windows
22:48:04.447 [main] DEBUG io.netty.util.internal.PlatformDependent - -Dio.netty.maxDirectMemory: -1 bytes
22:48:04.447 [main] DEBUG io.netty.util.internal.PlatformDependent - -Dio.netty.uninitializedArrayAllocationThreshold: -1
22:48:04.448 [main] DEBUG io.netty.util.internal.CleanerJava9 - java.nio.ByteBuffer.cleaner(): available
22:48:04.448 [main] DEBUG io.netty.util.internal.PlatformDependent - -Dio.netty.noPreferDirect: false
22:48:04.454 [main] DEBUG io.netty.util.internal.PlatformDependent - org.jctools-core.MpscChunkedArrayQueue: available
22:48:04.479 [main] DEBUG io.netty.util.internal.InternalThreadLocalMap - -Dio.netty.threadLocalMap.stringBuilder.initialSize: 1024
22:48:04.479 [main] DEBUG io.netty.util.internal.InternalThreadLocalMap - -Dio.netty.threadLocalMap.stringBuilder.maxSize: 4096
22:48:04.645 [main] DEBUG io.netty.handler.ssl.JdkSslContext - Default protocols (JDK): [TLSv1.3, TLSv1.2] 
22:48:04.645 [main] DEBUG io.netty.handler.ssl.JdkSslContext - Default cipher suites (JDK): [TLS_ECDHE_ECDSA_WITH_AES_256_GCM_SHA384, TLS_ECDHE_ECDSA_WITH_AES_128_GCM_SHA256, TLS_ECDHE_RSA_WITH_AES_128_GCM_SHA256, TLS_ECDHE_RSA_WITH_AES_256_GCM_SHA384, TLS_ECDHE_RSA_WITH_AES_128_CBC_SHA, TLS_ECDHE_RSA_WITH_AES_256_CBC_SHA, TLS_RSA_WITH_AES_128_GCM_SHA256, TLS_RSA_WITH_AES_128_CBC_SHA, TLS_RSA_WITH_AES_256_CBC_SHA, TLS_AES_128_GCM_SHA256, TLS_AES_256_GCM_SHA384]
22:48:04.677 [main] DEBUG io.netty.channel.MultithreadEventLoopGroup - -Dio.netty.eventLoopThreads: 8
22:48:04.692 [main] DEBUG io.netty.channel.nio.NioEventLoop - -Dio.netty.noKeySetOptimization: false
22:48:04.692 [main] DEBUG io.netty.channel.nio.NioEventLoop - -Dio.netty.selectorAutoRebuildThreshold: 512
22:48:04.742 [main] DEBUG io.netty.buffer.PooledByteBufAllocator - -Dio.netty.allocator.numHeapArenas: 8
22:48:04.742 [main] DEBUG io.netty.buffer.PooledByteBufAllocator - -Dio.netty.allocator.numDirectArenas: 8
22:48:04.742 [main] DEBUG io.netty.buffer.PooledByteBufAllocator - -Dio.netty.allocator.pageSize: 8192
22:48:04.742 [main] DEBUG io.netty.buffer.PooledByteBufAllocator - -Dio.netty.allocator.maxOrder: 9
22:48:04.742 [main] DEBUG io.netty.buffer.PooledByteBufAllocator - -Dio.netty.allocator.chunkSize: 4194304
22:48:04.742 [main] DEBUG io.netty.buffer.PooledByteBufAllocator - -Dio.netty.allocator.smallCacheSize: 256
22:48:04.742 [main] DEBUG io.netty.buffer.PooledByteBufAllocator - -Dio.netty.allocator.normalCacheSize: 64
22:48:04.742 [main] DEBUG io.netty.buffer.PooledByteBufAllocator - -Dio.netty.allocator.maxCachedBufferCapacity: 32768
22:48:04.742 [main] DEBUG io.netty.buffer.PooledByteBufAllocator - -Dio.netty.allocator.cacheTrimInterval: 8192
22:48:04.742 [main] DEBUG io.netty.buffer.PooledByteBufAllocator - -Dio.netty.allocator.cacheTrimIntervalMillis: 0
22:48:04.742 [main] DEBUG io.netty.buffer.PooledByteBufAllocator - -Dio.netty.allocator.useCacheForAllThreads: false
22:48:04.742 [main] DEBUG io.netty.buffer.PooledByteBufAllocator - -Dio.netty.allocator.maxCachedByteBuffersPerChunk: 1023
22:48:04.756 [main] DEBUG io.netty.buffer.ByteBufUtil - -Dio.netty.allocator.type: pooled
22:48:04.757 [main] DEBUG io.netty.buffer.ByteBufUtil - -Dio.netty.threadLocalDirectBufferSize: 0
22:48:04.757 [main] DEBUG io.netty.buffer.ByteBufUtil - -Dio.netty.maxThreadLocalCharBufferSize: 16384
22:48:05.091 [Forwarding newSession on session null to remote] DEBUG io.netty.channel.DefaultChannelId - -Dio.netty.processId: 10908 (auto-detected)
22:48:05.093 [Forwarding newSession on session null to remote] DEBUG io.netty.util.NetUtil - -Djava.net.preferIPv4Stack: false
22:48:05.093 [Forwarding newSession on session null to remote] DEBUG io.netty.util.NetUtil - -Djava.net.preferIPv6Addresses: false
22:48:05.108 [Forwarding newSession on session null to remote] DEBUG io.netty.util.NetUtilInitializations - Loopback interface: lo (Software Loopback Interface 1, 127.0.0.1)
22:48:05.108 [Forwarding newSession on session null to remote] DEBUG io.netty.util.NetUtil - Failed to get SOMAXCONN from sysctl and file \proc\sys\net\core\somaxconn. Default: 200
22:48:05.134 [Forwarding newSession on session null to remote] DEBUG io.netty.channel.DefaultChannelId - -Dio.netty.machineId: dc:21:5c:ff:fe:99:28:20 (auto-detected)
22:48:05.183 [AsyncHttpClient-1-2] DEBUG io.netty.buffer.AbstractByteBuf - -Dio.netty.buffer.checkAccessible: true
22:48:05.183 [AsyncHttpClient-1-2] DEBUG io.netty.buffer.AbstractByteBuf - -Dio.netty.buffer.checkBounds: true
22:48:05.183 [AsyncHttpClient-1-2] DEBUG io.netty.util.ResourceLeakDetectorFactory - Loaded default ResourceLeakDetector: io.netty.util.ResourceLeakDetector@64371029
22:48:05.200 [AsyncHttpClient-1-2] DEBUG io.netty.util.Recycler - -Dio.netty.recycler.maxCapacityPerThread: 4096
22:48:05.201 [AsyncHttpClient-1-2] DEBUG io.netty.util.Recycler - -Dio.netty.recycler.ratio: 8
22:48:05.201 [AsyncHttpClient-1-2] DEBUG io.netty.util.Recycler - -Dio.netty.recycler.chunkSize: 32
22:48:05.201 [AsyncHttpClient-1-2] DEBUG io.netty.util.Recycler - -Dio.netty.recycler.blocking: false
22:48:06.389 [AsyncHttpClient-1-2] DEBUG io.netty.handler.codec.compression.Brotli - brotli4j not in the classpath; Brotli support will be unavailable.
22:48:06.539 [main] DEBUG io.netty.util.internal.ThreadLocalRandom - -Dio.netty.initialSeedUniquifier: 0x1258f1db5256ca9a
22:48:08.525 [main] DEBUG testCases.TC_001_AccountRegestrationTest - Application logs
22:48:08.525 [main] INFO  testCases.TC_001_AccountRegestrationTest - *** Started TC_001_AccountRegestrationTest **** 
22:48:08.855 [main] INFO  testCases.TC_001_AccountRegestrationTest - Clicked on account
22:48:09.744 [main] INFO  testCases.TC_001_AccountRegestrationTest - Clicked on register
22:48:09.904 [main] INFO  testCases.TC_001_AccountRegestrationTest - Entered first name
22:48:10.065 [main] INFO  testCases.TC_001_AccountRegestrationTest - Entered last name
22:48:10.312 [main] INFO  testCases.TC_001_AccountRegestrationTest - Entered email
22:48:10.407 [main] INFO  testCases.TC_001_AccountRegestrationTest - Entered password
22:48:13.814 [main] INFO  testCases.TC_001_AccountRegestrationTest - Clicked on continue
22:57:14.419 [main] DEBUG io.netty.util.internal.logging.InternalLoggerFactory - Using Log4J2 as the default logging framework
22:57:14.441 [main] DEBUG io.netty.util.ResourceLeakDetector - -Dio.netty.leakDetection.level: simple
22:57:14.441 [main] DEBUG io.netty.util.ResourceLeakDetector - -Dio.netty.leakDetection.targetRecords: 4
22:57:14.446 [main] DEBUG io.netty.util.ResourceLeakDetectorFactory - Loaded default ResourceLeakDetector: io.netty.util.ResourceLeakDetector@17814b1c
22:57:14.462 [main] DEBUG io.netty.util.internal.PlatformDependent0 - -Dio.netty.noUnsafe: false
22:57:14.462 [main] DEBUG io.netty.util.internal.PlatformDependent0 - Java version: 17
22:57:14.463 [main] DEBUG io.netty.util.internal.PlatformDependent0 - sun.misc.Unsafe.theUnsafe: available
22:57:14.463 [main] DEBUG io.netty.util.internal.PlatformDependent0 - sun.misc.Unsafe.copyMemory: available
22:57:14.465 [main] DEBUG io.netty.util.internal.PlatformDependent0 - sun.misc.Unsafe.storeFence: available
22:57:14.465 [main] DEBUG io.netty.util.internal.PlatformDependent0 - java.nio.Buffer.address: available
22:57:14.465 [main] DEBUG io.netty.util.internal.PlatformDependent0 - direct buffer constructor: unavailable: Reflective setAccessible(true) disabled
22:57:14.466 [main] DEBUG io.netty.util.internal.PlatformDependent0 - java.nio.Bits.unaligned: available, true
22:57:14.466 [main] DEBUG io.netty.util.internal.PlatformDependent0 - jdk.internal.misc.Unsafe.allocateUninitializedArray(int): unavailable: class io.netty.util.internal.PlatformDependent0$7 cannot access class jdk.internal.misc.Unsafe (in module java.base) because module java.base does not export jdk.internal.misc to unnamed module @31610302
22:57:14.467 [main] DEBUG io.netty.util.internal.PlatformDependent0 - java.nio.DirectByteBuffer.<init>(long, int): unavailable
22:57:14.467 [main] DEBUG io.netty.util.internal.PlatformDependent - sun.misc.Unsafe: available
22:57:14.468 [main] DEBUG io.netty.util.internal.PlatformDependent - maxDirectMemory: 2078277632 bytes (maybe)
22:57:14.468 [main] DEBUG io.netty.util.internal.PlatformDependent - -Dio.netty.tmpdir: C:\Users\91901\AppData\Local\Temp (java.io.tmpdir)
22:57:14.468 [main] DEBUG io.netty.util.internal.PlatformDependent - -Dio.netty.bitMode: 64 (sun.arch.data.model)
22:57:14.468 [main] DEBUG io.netty.util.internal.PlatformDependent - Platform: Windows
22:57:14.471 [main] DEBUG io.netty.util.internal.PlatformDependent - -Dio.netty.maxDirectMemory: -1 bytes
22:57:14.471 [main] DEBUG io.netty.util.internal.PlatformDependent - -Dio.netty.uninitializedArrayAllocationThreshold: -1
22:57:14.471 [main] DEBUG io.netty.util.internal.CleanerJava9 - java.nio.ByteBuffer.cleaner(): available
22:57:14.472 [main] DEBUG io.netty.util.internal.PlatformDependent - -Dio.netty.noPreferDirect: false
22:57:14.477 [main] DEBUG io.netty.util.internal.PlatformDependent - org.jctools-core.MpscChunkedArrayQueue: available
22:57:14.506 [main] DEBUG io.netty.util.internal.InternalThreadLocalMap - -Dio.netty.threadLocalMap.stringBuilder.initialSize: 1024
22:57:14.506 [main] DEBUG io.netty.util.internal.InternalThreadLocalMap - -Dio.netty.threadLocalMap.stringBuilder.maxSize: 4096
22:57:14.649 [main] DEBUG io.netty.handler.ssl.JdkSslContext - Default protocols (JDK): [TLSv1.3, TLSv1.2] 
22:57:14.649 [main] DEBUG io.netty.handler.ssl.JdkSslContext - Default cipher suites (JDK): [TLS_ECDHE_ECDSA_WITH_AES_256_GCM_SHA384, TLS_ECDHE_ECDSA_WITH_AES_128_GCM_SHA256, TLS_ECDHE_RSA_WITH_AES_128_GCM_SHA256, TLS_ECDHE_RSA_WITH_AES_256_GCM_SHA384, TLS_ECDHE_RSA_WITH_AES_128_CBC_SHA, TLS_ECDHE_RSA_WITH_AES_256_CBC_SHA, TLS_RSA_WITH_AES_128_GCM_SHA256, TLS_RSA_WITH_AES_128_CBC_SHA, TLS_RSA_WITH_AES_256_CBC_SHA, TLS_AES_128_GCM_SHA256, TLS_AES_256_GCM_SHA384]
22:57:14.674 [main] DEBUG io.netty.channel.MultithreadEventLoopGroup - -Dio.netty.eventLoopThreads: 8
22:57:14.684 [main] DEBUG io.netty.channel.nio.NioEventLoop - -Dio.netty.noKeySetOptimization: false
22:57:14.684 [main] DEBUG io.netty.channel.nio.NioEventLoop - -Dio.netty.selectorAutoRebuildThreshold: 512
22:57:14.729 [main] DEBUG io.netty.buffer.PooledByteBufAllocator - -Dio.netty.allocator.numHeapArenas: 8
22:57:14.729 [main] DEBUG io.netty.buffer.PooledByteBufAllocator - -Dio.netty.allocator.numDirectArenas: 8
22:57:14.729 [main] DEBUG io.netty.buffer.PooledByteBufAllocator - -Dio.netty.allocator.pageSize: 8192
22:57:14.729 [main] DEBUG io.netty.buffer.PooledByteBufAllocator - -Dio.netty.allocator.maxOrder: 9
22:57:14.729 [main] DEBUG io.netty.buffer.PooledByteBufAllocator - -Dio.netty.allocator.chunkSize: 4194304
22:57:14.729 [main] DEBUG io.netty.buffer.PooledByteBufAllocator - -Dio.netty.allocator.smallCacheSize: 256
22:57:14.729 [main] DEBUG io.netty.buffer.PooledByteBufAllocator - -Dio.netty.allocator.normalCacheSize: 64
22:57:14.729 [main] DEBUG io.netty.buffer.PooledByteBufAllocator - -Dio.netty.allocator.maxCachedBufferCapacity: 32768
22:57:14.729 [main] DEBUG io.netty.buffer.PooledByteBufAllocator - -Dio.netty.allocator.cacheTrimInterval: 8192
22:57:14.729 [main] DEBUG io.netty.buffer.PooledByteBufAllocator - -Dio.netty.allocator.cacheTrimIntervalMillis: 0
22:57:14.730 [main] DEBUG io.netty.buffer.PooledByteBufAllocator - -Dio.netty.allocator.useCacheForAllThreads: false
22:57:14.730 [main] DEBUG io.netty.buffer.PooledByteBufAllocator - -Dio.netty.allocator.maxCachedByteBuffersPerChunk: 1023
22:57:14.750 [main] DEBUG io.netty.buffer.ByteBufUtil - -Dio.netty.allocator.type: pooled
22:57:14.750 [main] DEBUG io.netty.buffer.ByteBufUtil - -Dio.netty.threadLocalDirectBufferSize: 0
22:57:14.750 [main] DEBUG io.netty.buffer.ByteBufUtil - -Dio.netty.maxThreadLocalCharBufferSize: 16384
22:57:15.088 [Forwarding newSession on session null to remote] DEBUG io.netty.channel.DefaultChannelId - -Dio.netty.processId: 27236 (auto-detected)
22:57:15.089 [Forwarding newSession on session null to remote] DEBUG io.netty.util.NetUtil - -Djava.net.preferIPv4Stack: false
22:57:15.089 [Forwarding newSession on session null to remote] DEBUG io.netty.util.NetUtil - -Djava.net.preferIPv6Addresses: false
22:57:15.100 [Forwarding newSession on session null to remote] DEBUG io.netty.util.NetUtilInitializations - Loopback interface: lo (Software Loopback Interface 1, 127.0.0.1)
22:57:15.101 [Forwarding newSession on session null to remote] DEBUG io.netty.util.NetUtil - Failed to get SOMAXCONN from sysctl and file \proc\sys\net\core\somaxconn. Default: 200
22:57:15.119 [Forwarding newSession on session null to remote] DEBUG io.netty.channel.DefaultChannelId - -Dio.netty.machineId: dc:21:5c:ff:fe:99:28:20 (auto-detected)
22:57:15.162 [AsyncHttpClient-1-2] DEBUG io.netty.buffer.AbstractByteBuf - -Dio.netty.buffer.checkAccessible: true
22:57:15.162 [AsyncHttpClient-1-2] DEBUG io.netty.buffer.AbstractByteBuf - -Dio.netty.buffer.checkBounds: true
22:57:15.162 [AsyncHttpClient-1-2] DEBUG io.netty.util.ResourceLeakDetectorFactory - Loaded default ResourceLeakDetector: io.netty.util.ResourceLeakDetector@28d10b8f
22:57:15.180 [AsyncHttpClient-1-2] DEBUG io.netty.util.Recycler - -Dio.netty.recycler.maxCapacityPerThread: 4096
22:57:15.180 [AsyncHttpClient-1-2] DEBUG io.netty.util.Recycler - -Dio.netty.recycler.ratio: 8
22:57:15.180 [AsyncHttpClient-1-2] DEBUG io.netty.util.Recycler - -Dio.netty.recycler.chunkSize: 32
22:57:15.180 [AsyncHttpClient-1-2] DEBUG io.netty.util.Recycler - -Dio.netty.recycler.blocking: false
22:57:16.077 [AsyncHttpClient-1-2] DEBUG io.netty.handler.codec.compression.Brotli - brotli4j not in the classpath; Brotli support will be unavailable.
22:57:16.228 [main] DEBUG io.netty.util.internal.ThreadLocalRandom - -Dio.netty.initialSeedUniquifier: 0x3f5c050f13987ee5
22:57:18.123 [main] DEBUG testCases.TC_001_AccountRegestrationTest - Application logs
22:57:18.124 [main] INFO  testCases.TC_001_AccountRegestrationTest - *** Started TC_001_AccountRegestrationTest **** 
22:57:18.371 [main] INFO  testCases.TC_001_AccountRegestrationTest - Clicked on account
22:57:18.904 [main] INFO  testCases.TC_001_AccountRegestrationTest - Clicked on register
22:57:19.045 [main] INFO  testCases.TC_001_AccountRegestrationTest - Entered first name
22:57:19.341 [main] INFO  testCases.TC_001_AccountRegestrationTest - Entered last name
22:57:19.440 [main] INFO  testCases.TC_001_AccountRegestrationTest - Entered email
22:57:19.535 [main] INFO  testCases.TC_001_AccountRegestrationTest - Entered password
22:57:20.745 [main] INFO  testCases.TC_001_AccountRegestrationTest - Clicked on continue
23:34:50.771 [main] INFO  testCases.TC_001_AccountRegestrationTest - *** Started TC_001_AccountRegestrationTest **** 
23:34:51.024 [main] INFO  testCases.TC_001_AccountRegestrationTest - Clicked on account
23:34:51.632 [main] INFO  testCases.TC_001_AccountRegestrationTest - Clicked on register
23:34:51.804 [main] INFO  testCases.TC_001_AccountRegestrationTest - Entered first name
23:34:52.091 [main] INFO  testCases.TC_001_AccountRegestrationTest - Entered last name
23:34:52.224 [main] INFO  testCases.TC_001_AccountRegestrationTest - Entered email
23:34:52.317 [main] INFO  testCases.TC_001_AccountRegestrationTest - Entered password
23:34:53.515 [main] INFO  testCases.TC_001_AccountRegestrationTest - Clicked on continue
23:34:57.209 [main] INFO  testCases.TC_002_LoginTest - ******Login Test**************
23:34:57.583 [main] INFO  testCases.TC_002_LoginTest - Clicked on myaccount
23:34:58.086 [main] INFO  testCases.TC_002_LoginTest - Clicked on Login
23:34:58.288 [main] INFO  testCases.TC_002_LoginTest - Entered Email
23:34:58.420 [main] INFO  testCases.TC_002_LoginTest - Entered Password
23:34:58.547 [main] INFO  testCases.TC_002_LoginTest - Clicked on Login button
23:34:58.852 [main] INFO  testCases.TC_002_LoginTest - ***********login finished********
23:37:30.478 [main] INFO  testCases.TC_001_AccountRegestrationTest - *** Started TC_001_AccountRegestrationTest **** 
23:37:30.663 [main] INFO  testCases.TC_001_AccountRegestrationTest - Clicked on account
23:37:31.207 [main] INFO  testCases.TC_001_AccountRegestrationTest - Clicked on register
23:37:31.318 [main] INFO  testCases.TC_001_AccountRegestrationTest - Entered first name
23:37:31.424 [main] INFO  testCases.TC_001_AccountRegestrationTest - Entered last name
23:37:31.798 [main] INFO  testCases.TC_001_AccountRegestrationTest - Entered email
23:37:31.889 [main] INFO  testCases.TC_001_AccountRegestrationTest - Entered password
23:37:33.054 [main] INFO  testCases.TC_001_AccountRegestrationTest - Clicked on continue
23:37:35.923 [main] INFO  testCases.TC_002_LoginTest - ******Login Test**************
23:37:36.083 [main] INFO  testCases.TC_002_LoginTest - Clicked on myaccount
23:37:36.560 [main] INFO  testCases.TC_002_LoginTest - Clicked on Login
23:37:36.739 [main] INFO  testCases.TC_002_LoginTest - Entered Email
23:37:36.871 [main] INFO  testCases.TC_002_LoginTest - Entered Password
23:37:36.958 [main] INFO  testCases.TC_002_LoginTest - Clicked on Login button
23:42:58.251 [main] INFO  testCases.TC_001_AccountRegestrationTest - *** Started TC_001_AccountRegestrationTest **** 
23:42:58.459 [main] INFO  testCases.TC_001_AccountRegestrationTest - Clicked on account
23:42:59.134 [main] INFO  testCases.TC_001_AccountRegestrationTest - Clicked on register
23:42:59.232 [main] INFO  testCases.TC_001_AccountRegestrationTest - Entered first name
23:42:59.334 [main] INFO  testCases.TC_001_AccountRegestrationTest - Entered last name
23:42:59.671 [main] INFO  testCases.TC_001_AccountRegestrationTest - Entered email
23:42:59.768 [main] INFO  testCases.TC_001_AccountRegestrationTest - Entered password
23:43:00.984 [main] INFO  testCases.TC_001_AccountRegestrationTest - Clicked on continue
23:43:04.746 [main] INFO  testCases.TC_002_LoginTest - ******Login Test**************
23:43:04.899 [main] INFO  testCases.TC_002_LoginTest - Clicked on myaccount
23:43:05.327 [main] INFO  testCases.TC_002_LoginTest - Clicked on Login
23:43:05.515 [main] INFO  testCases.TC_002_LoginTest - Entered Email
23:43:05.633 [main] INFO  testCases.TC_002_LoginTest - Entered Password
23:43:05.683 [main] INFO  testCases.TC_002_LoginTest - Clicked on Login button
23:43:05.749 [main] INFO  testCases.TC_002_LoginTest - ***********login finished********
23:44:30.236 [main] INFO  testCases.TC_001_AccountRegestrationTest - *** Started TC_001_AccountRegestrationTest **** 
23:44:30.496 [main] INFO  testCases.TC_001_AccountRegestrationTest - Clicked on account
23:44:31.034 [main] INFO  testCases.TC_001_AccountRegestrationTest - Clicked on register
23:44:31.152 [main] INFO  testCases.TC_001_AccountRegestrationTest - Entered first name
23:44:31.254 [main] INFO  testCases.TC_001_AccountRegestrationTest - Entered last name
23:44:31.419 [main] INFO  testCases.TC_001_AccountRegestrationTest - Entered email
23:44:31.737 [main] INFO  testCases.TC_001_AccountRegestrationTest - Entered password
23:44:32.955 [main] INFO  testCases.TC_001_AccountRegestrationTest - Clicked on continue
23:44:36.113 [main] INFO  testCases.TC_002_LoginTest - ******Login Test**************
23:44:36.323 [main] INFO  testCases.TC_002_LoginTest - Clicked on myaccount
23:44:36.779 [main] INFO  testCases.TC_002_LoginTest - Clicked on Login
23:44:37.130 [main] INFO  testCases.TC_002_LoginTest - Entered Email
23:44:37.399 [main] INFO  testCases.TC_002_LoginTest - Entered Password
23:44:37.437 [main] INFO  testCases.TC_002_LoginTest - Clicked on Login button
23:44:37.487 [main] INFO  testCases.TC_002_LoginTest - ***********login finished********
23:52:49.602 [main] INFO  testCases.TC_002_LoginTest - ******Login Test**************
23:52:49.885 [main] INFO  testCases.TC_002_LoginTest - Clicked on myaccount
23:52:50.343 [main] INFO  testCases.TC_002_LoginTest - Clicked on Login
23:52:50.465 [main] INFO  testCases.TC_002_LoginTest - Entered Email
23:52:50.610 [main] INFO  testCases.TC_002_LoginTest - Entered Password
23:52:50.686 [main] INFO  testCases.TC_002_LoginTest - Clicked on Login button
12:18:55.856 [main] INFO  testCases.TC_002_LoginTest - ******Login Test**************
12:18:56.098 [main] INFO  testCases.TC_002_LoginTest - Clicked on myaccount
12:18:56.473 [main] INFO  testCases.TC_002_LoginTest - Clicked on Login
12:18:56.606 [main] INFO  testCases.TC_002_LoginTest - Entered Email
12:18:56.804 [main] INFO  testCases.TC_002_LoginTest - Entered Password
12:18:56.840 [main] INFO  testCases.TC_002_LoginTest - Clicked on Login button
12:18:56.883 [main] INFO  testCases.TC_002_LoginTest - ***********login finished********
12:20:10.281 [main] INFO  testCases.TC_002_LoginTest - ******Login Test**************
12:20:10.517 [main] INFO  testCases.TC_002_LoginTest - Clicked on myaccount
12:20:11.168 [main] INFO  testCases.TC_002_LoginTest - Clicked on Login
12:20:11.442 [main] INFO  testCases.TC_002_LoginTest - Entered Email
12:20:11.723 [main] INFO  testCases.TC_002_LoginTest - Entered Password
12:20:11.792 [main] INFO  testCases.TC_002_LoginTest - Clicked on Login button
12:20:11.952 [main] INFO  testCases.TC_002_LoginTest - ***********login finished********
12:28:48.794 [main] INFO  testCases.TC_002_LoginTest - ******Login Test**************
12:28:48.992 [main] INFO  testCases.TC_002_LoginTest - Clicked on myaccount
12:28:49.452 [main] INFO  testCases.TC_002_LoginTest - Clicked on Login
12:28:49.589 [main] INFO  testCases.TC_002_LoginTest - Entered Email
12:28:49.902 [main] INFO  testCases.TC_002_LoginTest - Entered Password
12:28:49.951 [main] INFO  testCases.TC_002_LoginTest - Clicked on Login button
12:28:50.008 [main] INFO  testCases.TC_002_LoginTest - ***********login finished********
12:31:02.060 [main] INFO  testCases.TC_002_LoginTest - ******Login Test**************
12:31:02.316 [main] INFO  testCases.TC_002_LoginTest - Clicked on myaccount
12:31:02.916 [main] INFO  testCases.TC_002_LoginTest - Clicked on Login
12:31:03.087 [main] INFO  testCases.TC_002_LoginTest - Entered Email
12:31:03.391 [main] INFO  testCases.TC_002_LoginTest - Entered Password
12:31:03.438 [main] INFO  testCases.TC_002_LoginTest - Clicked on Login button
12:31:03.537 [main] INFO  testCases.TC_002_LoginTest - Validations
12:31:03.537 [main] INFO  testCases.TC_002_LoginTest - ***********login finished********
12:32:37.908 [main] INFO  testCases.TC_002_LoginTest - ******Login Test**************
12:32:38.173 [main] INFO  testCases.TC_002_LoginTest - Clicked on myaccount
12:32:38.716 [main] INFO  testCases.TC_002_LoginTest - Clicked on Login
12:32:38.901 [main] INFO  testCases.TC_002_LoginTest - Entered Email
12:32:39.253 [main] INFO  testCases.TC_002_LoginTest - Entered Password
12:32:39.286 [main] INFO  testCases.TC_002_LoginTest - Clicked on Login button
12:32:39.370 [main] INFO  testCases.TC_002_LoginTest - Validations
12:32:39.370 [main] INFO  testCases.TC_002_LoginTest - ***********login finished********
12:34:05.389 [main] INFO  testCases.TC_002_LoginTest - ******Login Test**************
12:34:05.684 [main] INFO  testCases.TC_002_LoginTest - Clicked on myaccount
12:34:06.218 [main] INFO  testCases.TC_002_LoginTest - Clicked on Login
12:34:06.361 [main] INFO  testCases.TC_002_LoginTest - Entered Email
12:34:06.485 [main] INFO  testCases.TC_002_LoginTest - Entered Password
12:34:06.539 [main] INFO  testCases.TC_002_LoginTest - Clicked on Login button
12:34:06.639 [main] INFO  testCases.TC_002_LoginTest - Validations
12:34:06.639 [main] INFO  testCases.TC_002_LoginTest - ***********login finished********
12:35:21.002 [main] INFO  testCases.TC_002_LoginTest - ******Login Test**************
12:35:21.288 [main] INFO  testCases.TC_002_LoginTest - Clicked on myaccount
12:35:21.922 [main] INFO  testCases.TC_002_LoginTest - Clicked on Login
12:35:22.134 [main] INFO  testCases.TC_002_LoginTest - Entered Email
12:35:22.583 [main] INFO  testCases.TC_002_LoginTest - Entered Password
12:35:22.647 [main] INFO  testCases.TC_002_LoginTest - Clicked on Login button
12:35:22.750 [main] INFO  testCases.TC_002_LoginTest - Validations
12:35:22.750 [main] INFO  testCases.TC_002_LoginTest - ***********login finished********
12:39:33.948 [main] INFO  testCases.TC_002_LoginTest - ******Login Test**************
12:39:34.134 [main] INFO  testCases.TC_002_LoginTest - Clicked on myaccount
12:39:34.955 [main] INFO  testCases.TC_002_LoginTest - Clicked on Login
12:39:35.109 [main] INFO  testCases.TC_002_LoginTest - Entered Email
12:39:35.228 [main] INFO  testCases.TC_002_LoginTest - Entered Password
12:39:35.469 [main] INFO  testCases.TC_002_LoginTest - Clicked on Login button
12:41:30.060 [main] INFO  testCases.TC_002_LoginTest - ******Login Test**************
12:41:30.370 [main] INFO  testCases.TC_002_LoginTest - Clicked on myaccount
12:41:30.897 [main] INFO  testCases.TC_002_LoginTest - Clicked on Login
12:41:31.052 [main] INFO  testCases.TC_002_LoginTest - Entered Email
12:41:31.343 [main] INFO  testCases.TC_002_LoginTest - Entered Password
12:41:31.392 [main] INFO  testCases.TC_002_LoginTest - Clicked on Login button
12:41:31.541 [main] INFO  testCases.TC_002_LoginTest - Validations
12:41:31.542 [main] INFO  testCases.TC_002_LoginTest - ***********login finished********
20:22:18.407 [main] INFO  testCases.TC_002_LoginTest - ******Login Test**************
20:22:18.607 [main] INFO  testCases.TC_002_LoginTest - Clicked on myaccount
20:22:19.126 [main] INFO  testCases.TC_002_LoginTest - Clicked on Login
20:22:19.270 [main] INFO  testCases.TC_002_LoginTest - Entered Email
20:22:19.598 [main] INFO  testCases.TC_002_LoginTest - Entered Password
20:22:19.633 [main] INFO  testCases.TC_002_LoginTest - Clicked on Login button
20:34:02.583 [main] INFO  testCases.TC_002_LoginTest - ******Login Test**************
20:34:03.074 [main] INFO  testCases.TC_002_LoginTest - Clicked on myaccount
20:34:03.544 [main] INFO  testCases.TC_002_LoginTest - Clicked on Login
20:34:03.762 [main] INFO  testCases.TC_002_LoginTest - Entered Email
20:34:03.882 [main] INFO  testCases.TC_002_LoginTest - Entered Password
20:34:03.930 [main] INFO  testCases.TC_002_LoginTest - Clicked on Login button
22:30:39.228 [main] INFO  testCases.TC_003_LoginDDT - ************Starting the test Case data Driven model**********
22:30:40.516 [main] INFO  testCases.TC_003_LoginDDT - ***********finished test Case data Driven model**********
22:30:40.548 [main] INFO  testCases.TC_003_LoginDDT - ************Starting the test Case data Driven model**********
22:30:41.344 [main] INFO  testCases.TC_003_LoginDDT - ************Starting the test Case data Driven model**********
22:30:42.170 [main] INFO  testCases.TC_003_LoginDDT - ***********finished test Case data Driven model**********
22:30:42.177 [main] INFO  testCases.TC_003_LoginDDT - ************Starting the test Case data Driven model**********
22:30:43.265 [main] INFO  testCases.TC_003_LoginDDT - ***********finished test Case data Driven model**********
22:30:43.271 [main] INFO  testCases.TC_003_LoginDDT - ************Starting the test Case data Driven model**********
23:52:21.946 [main] INFO  testCases.TC_001_AccountRegestrationTest - *** Started TC_001_AccountRegestrationTest **** 
23:52:22.301 [main] INFO  testCases.TC_001_AccountRegestrationTest - Clicked on account
23:52:23.002 [main] INFO  testCases.TC_001_AccountRegestrationTest - Clicked on register
23:52:23.132 [main] INFO  testCases.TC_001_AccountRegestrationTest - Entered first name
23:52:23.222 [main] INFO  testCases.TC_001_AccountRegestrationTest - Entered last name
23:52:23.335 [main] INFO  testCases.TC_001_AccountRegestrationTest - Entered email
23:52:23.446 [main] INFO  testCases.TC_001_AccountRegestrationTest - Entered password
23:52:24.646 [main] INFO  testCases.TC_001_AccountRegestrationTest - Clicked on continue
23:52:29.294 [main] INFO  testCases.TC_002_LoginTest - ******Login Test**************
23:52:29.442 [main] INFO  testCases.TC_002_LoginTest - Clicked on myaccount
23:52:29.892 [main] INFO  testCases.TC_002_LoginTest - Clicked on Login
23:52:30.106 [main] INFO  testCases.TC_002_LoginTest - Entered Email
23:52:30.221 [main] INFO  testCases.TC_002_LoginTest - Entered Password
23:52:30.282 [main] INFO  testCases.TC_002_LoginTest - Clicked on Login button
23:52:51.627 [main] INFO  testCases.TC_001_AccountRegestrationTest - *** Started TC_001_AccountRegestrationTest **** 
23:52:52.132 [main] INFO  testCases.TC_001_AccountRegestrationTest - Clicked on account
23:52:52.746 [main] INFO  testCases.TC_001_AccountRegestrationTest - Clicked on register
23:52:52.957 [main] INFO  testCases.TC_001_AccountRegestrationTest - Entered first name
23:52:53.091 [main] INFO  testCases.TC_001_AccountRegestrationTest - Entered last name
23:52:53.335 [main] INFO  testCases.TC_001_AccountRegestrationTest - Entered email
23:52:53.466 [main] INFO  testCases.TC_001_AccountRegestrationTest - Entered password
23:52:54.843 [main] INFO  testCases.TC_001_AccountRegestrationTest - Clicked on continue
23:53:02.316 [main] INFO  testCases.TC_002_LoginTest - ******Login Test**************
23:53:02.442 [main] INFO  testCases.TC_002_LoginTest - Clicked on myaccount
23:53:02.947 [main] INFO  testCases.TC_002_LoginTest - Clicked on Login
23:53:03.552 [main] INFO  testCases.TC_002_LoginTest - Entered Email
23:53:03.666 [main] INFO  testCases.TC_002_LoginTest - Entered Password
23:53:03.705 [main] INFO  testCases.TC_002_LoginTest - Clicked on Login button
23:59:59.123 [main] INFO  testCases.TC_001_AccountRegestrationTest - *** Started TC_001_AccountRegestrationTest **** 
23:59:59.297 [main] INFO  testCases.TC_001_AccountRegestrationTest - Clicked on account
00:00:00.079 [main] INFO  testCases.TC_001_AccountRegestrationTest - Clicked on register
00:00:00.221 [main] INFO  testCases.TC_001_AccountRegestrationTest - Entered first name
00:00:00.395 [main] INFO  testCases.TC_001_AccountRegestrationTest - Entered last name
00:00:00.638 [main] INFO  testCases.TC_001_AccountRegestrationTest - Entered email
00:00:00.743 [main] INFO  testCases.TC_001_AccountRegestrationTest - Entered password
00:00:01.948 [main] INFO  testCases.TC_001_AccountRegestrationTest - Clicked on continue
00:00:07.310 [main] INFO  testCases.TC_002_LoginTest - ******Login Test**************
00:00:07.514 [main] INFO  testCases.TC_002_LoginTest - Clicked on myaccount
00:00:08.048 [main] INFO  testCases.TC_002_LoginTest - Clicked on Login
00:00:08.243 [main] INFO  testCases.TC_002_LoginTest - Entered Email
00:00:08.374 [main] INFO  testCases.TC_002_LoginTest - Entered Password
00:00:08.438 [main] INFO  testCases.TC_002_LoginTest - Clicked on Login button
01:46:05.196 [main] INFO  testCases.TC_003_LoginDDT - ************Starting the test Case data Driven model**********
